[2024:12:21:23:02:35]: Info: Sunshine version: v0.23.1
[2024:12:21:23:02:35]: Error: Couldn't load cuda: -1
[2024:12:21:23:02:35]: Info: Found display [wayland-1]
[2024:12:21:23:02:35]: Info: Found interface: zxdg_output_manager_v1(9) version 3
[2024:12:21:23:02:35]: Info: Found interface: wl_output(51) version 4
[2024:12:21:23:02:35]: Warning: Missing Wayland wire for wlr-export-dmabuf
[2024:12:21:23:02:35]: Error: Failed to gain CAP_SYS_ADMIN
[2024:12:21:23:02:35]: Info: /dev/dri/card1 -> i915
[2024:12:21:23:02:35]: Error: Failed to gain CAP_SYS_ADMIN
[2024:12:21:23:02:35]: Info: /dev/dri/card2 -> i915
[2024:12:21:23:02:35]: Error: Failed to gain CAP_SYS_ADMIN
[2024:12:21:23:02:35]: Error: Couldn't get handle for DRM Framebuffer [296]: Probably not permitted
[2024:12:21:23:02:35]: Fatal: You must run [sudo setcap cap_sys_admin+p $(readlink -f $(which sunshine))] for KMS display capture to work!
[2024:12:21:23:02:35]: Info: Found display [wayland-1]
[2024:12:21:23:02:35]: Info: Found display [wayland-1]
[2024:12:21:23:02:35]: Info: Found interface: zxdg_output_manager_v1(9) version 3
[2024:12:21:23:02:35]: Info: Found interface: wl_output(51) version 4
[2024:12:21:23:02:35]: Info: Resolution: 1920x1080
[2024:12:21:23:02:35]: Info: Name: DP-6
[2024:12:21:23:02:35]: Info: Found monitor: Acer Technologies VG240Y M3 54270279E4250 (DP-6)
[2024:12:21:23:02:35]: Info: Offset: 0x0
[2024:12:21:23:02:35]: Info: Logical size: 1920x1080
[2024:12:21:23:02:35]: Info: -------- Start of KMS monitor list --------
[2024:12:21:23:02:35]: Warning: Mismatch on expected Resolution compared to actual resolution: 0x0 vs 1920x1080
[2024:12:21:23:02:35]: Info: Monitor 0 is DP-6: Acer Technologies VG240Y M3 54270279E4250 (DP-6)
[2024:12:21:23:02:35]: Info: --------- End of KMS monitor list ---------
[2024:12:21:23:02:35]: Error: Unable to initialize capture method
[2024:12:21:23:02:35]: Error: Platform failed to initialize
[2024:12:21:23:02:35]: Info: // Testing for available encoders, this may generate errors. You can safely ignore those errors. //
[2024:12:21:23:02:35]: Info: Trying encoder [nvenc]
[2024:12:21:23:02:35]: Info: System tray created
[2024:12:21:23:02:36]: Info: Encoder [nvenc] failed
[2024:12:21:23:02:36]: Info: Trying encoder [vaapi]
[2024:12:21:23:02:36]: Info: Encoder [vaapi] failed
[2024:12:21:23:02:36]: Info: Trying encoder [software]
[2024:12:21:23:02:37]: Info: Encoder [software] failed
[2024:12:21:23:02:37]: Fatal: Unable to find display or encoder during startup.
[2024:12:21:23:02:37]: Fatal: Please check that a display is connected and powered on.
[2024:12:21:23:02:37]: Error: Video failed to find working encoder
[2024:12:21:23:02:37]: Error: Failed to create client: Daemon not running
[2024:12:21:23:02:37]: Info: Configuration UI available at [https://localhost:8081]
[2024:12:21:23:13:49]: Info: Terminate handler called
